app/build/intermediates/manifest_merge_blame_file/debug/manifest-merger-blame-debug-report.txt
1<?xml version="1.0" encoding="utf-8"?>
2<manifest xmlns:android="http://schemas.android.com/apk/res/android"
3    package="com.example.telas_background"
4    android:versionCode="1"
5    android:versionName="1.0" >
6
7    <uses-sdk
8        android:minSdkVersion="16"
8-->src\main\AndroidManifest.xml
9        android:targetSdkVersion="29" />
9-->src\main\AndroidManifest.xml
10
11    <!-- Although the *SdkVersion is captured in gradle build files, this is required for non gradle builds -->
12    <!-- <uses-sdk android:minSdkVersion="14"/> -->
13    <uses-permission android:name="android.permission.ACCESS_NETWORK_STATE" />
13-->[com.google.firebase:firebase-storage:19.1.1] AndroidManifest.xml:26:5-79
13-->[com.google.firebase:firebase-storage:19.1.1] AndroidManifest.xml:26:22-76
14    <uses-permission android:name="android.permission.INTERNET" />
14-->[com.google.firebase:firebase-storage:19.1.1] AndroidManifest.xml:27:5-67
14-->[com.google.firebase:firebase-storage:19.1.1] AndroidManifest.xml:27:22-64
15    <uses-permission android:name="android.permission.WAKE_LOCK" /> <!-- Required by older versions of Google Play services to create IID tokens -->
15-->[com.google.firebase:firebase-iid:20.0.1] AndroidManifest.xml:24:5-68
15-->[com.google.firebase:firebase-iid:20.0.1] AndroidManifest.xml:24:22-65
16    <uses-permission android:name="com.google.android.c2dm.permission.RECEIVE" />
16-->[com.google.firebase:firebase-iid:20.0.1] AndroidManifest.xml:26:5-82
16-->[com.google.firebase:firebase-iid:20.0.1] AndroidManifest.xml:26:22-79
17
18    <application
18-->src\main\AndroidManifest.xml:6:5-37:19
19        android:name="androidx.multidex.MultiDexApplication"
20        android:allowBackup="true"
20-->src\main\AndroidManifest.xml:7:9-35
21        android:appComponentFactory="androidx.core.app.CoreComponentFactory"
21-->[androidx.core:core:1.1.0] AndroidManifest.xml:24:18-86
22        android:debuggable="true"
23        android:icon="@mipmap/ic_launcher"
23-->src\main\AndroidManifest.xml:8:9-43
24        android:label="@string/app_name"
24-->src\main\AndroidManifest.xml:9:9-41
25        android:roundIcon="@mipmap/ic_launcher_round"
25-->src\main\AndroidManifest.xml:10:9-54
26        android:supportsRtl="true"
26-->src\main\AndroidManifest.xml:11:9-35
27        android:testOnly="true"
28        android:theme="@style/AppTheme" >
28-->src\main\AndroidManifest.xml:12:9-40
29        <activity android:name="com.example.telas_background.Editar_encontro" />
29-->src\main\AndroidManifest.xml:13:9-62
29-->src\main\AndroidManifest.xml:13:19-50
30        <activity android:name="com.example.telas_background.Friends" />
30-->src\main\AndroidManifest.xml:14:9-45
30-->src\main\AndroidManifest.xml:14:19-42
31        <activity android:name="com.example.telas_background.CriarPost" />
31-->src\main\AndroidManifest.xml:15:9-47
31-->src\main\AndroidManifest.xml:15:19-44
32        <activity
32-->src\main\AndroidManifest.xml:16:9-18:52
33            android:name="com.example.telas_background.Home"
33-->src\main\AndroidManifest.xml:17:13-33
34            android:screenOrientation="nosensor" />
34-->src\main\AndroidManifest.xml:18:13-49
35        <activity android:name="com.example.telas_background.Perfil" />
35-->src\main\AndroidManifest.xml:19:9-44
35-->src\main\AndroidManifest.xml:19:19-41
36        <activity android:name="com.example.telas_background.Editar_perfil" />
36-->src\main\AndroidManifest.xml:20:9-51
36-->src\main\AndroidManifest.xml:20:19-48
37        <activity android:name="com.example.telas_background.Encontro" />
37-->src\main\AndroidManifest.xml:21:9-46
37-->src\main\AndroidManifest.xml:21:19-43
38        <activity android:name="com.example.telas_background.Request" />
38-->src\main\AndroidManifest.xml:22:9-45
38-->src\main\AndroidManifest.xml:22:19-42
39        <activity android:name="com.example.telas_background.Chat" />
39-->src\main\AndroidManifest.xml:23:9-42
39-->src\main\AndroidManifest.xml:23:19-39
40        <activity android:name="com.example.telas_background.Conversas" />
40-->src\main\AndroidManifest.xml:24:9-47
40-->src\main\AndroidManifest.xml:24:19-44
41        <activity android:name="com.example.telas_background.Registrar" />
41-->src\main\AndroidManifest.xml:25:9-47
41-->src\main\AndroidManifest.xml:25:19-44
42        <activity android:name="com.example.telas_background.MainActivity" >
42-->src\main\AndroidManifest.xml:26:9-32:20
42-->src\main\AndroidManifest.xml:26:19-47
43            <intent-filter>
43-->src\main\AndroidManifest.xml:27:13-31:29
44                <action android:name="android.intent.action.MAIN" />
44-->src\main\AndroidManifest.xml:28:17-69
44-->src\main\AndroidManifest.xml:28:25-66
45
46                <category android:name="android.intent.category.LAUNCHER" />
46-->src\main\AndroidManifest.xml:30:17-77
46-->src\main\AndroidManifest.xml:30:27-74
47            </intent-filter>
48        </activity>
49
50        <meta-data
50-->src\main\AndroidManifest.xml:34:9-36:57
51            android:name="preloaded_fonts"
51-->src\main\AndroidManifest.xml:35:13-43
52            android:resource="@array/preloaded_fonts" />
52-->src\main\AndroidManifest.xml:36:13-54
53
54        <activity
54-->[com.google.firebase:firebase-auth:19.3.1] AndroidManifest.xml:24:9-31:50
55            android:name="com.google.firebase.auth.internal.FederatedSignInActivity"
55-->[com.google.firebase:firebase-auth:19.3.1] AndroidManifest.xml:25:13-85
56            android:excludeFromRecents="true"
56-->[com.google.firebase:firebase-auth:19.3.1] AndroidManifest.xml:26:13-46
57            android:exported="true"
57-->[com.google.firebase:firebase-auth:19.3.1] AndroidManifest.xml:27:13-36
58            android:launchMode="singleTask"
58-->[com.google.firebase:firebase-auth:19.3.1] AndroidManifest.xml:28:13-44
59            android:permission="com.google.firebase.auth.api.gms.permission.LAUNCH_FEDERATED_SIGN_IN"
59-->[com.google.firebase:firebase-auth:19.3.1] AndroidManifest.xml:29:13-102
60            android:theme="@android:style/Theme.Translucent.NoTitleBar" />
60-->[com.google.firebase:firebase-auth:19.3.1] AndroidManifest.xml:30:13-72
61
62        <service
62-->[com.google.firebase:firebase-auth:19.3.1] AndroidManifest.xml:33:9-39:19
63            android:name="com.google.firebase.components.ComponentDiscoveryService"
63-->[com.google.firebase:firebase-auth:19.3.1] AndroidManifest.xml:34:13-84
64            android:directBootAware="true"
64-->[com.google.firebase:firebase-common:19.3.0] AndroidManifest.xml:34:13-43
65            android:exported="false" >
65-->[com.google.firebase:firebase-auth:19.3.1] AndroidManifest.xml:35:13-37
66            <meta-data
66-->[com.google.firebase:firebase-auth:19.3.1] AndroidManifest.xml:36:13-38:85
67                android:name="com.google.firebase.components:com.google.firebase.auth.FirebaseAuthRegistrar"
67-->[com.google.firebase:firebase-auth:19.3.1] AndroidManifest.xml:37:17-109
68                android:value="com.google.firebase.components.ComponentRegistrar" />
68-->[com.google.firebase:firebase-auth:19.3.1] AndroidManifest.xml:38:17-82
69            <meta-data
69-->[com.google.firebase:firebase-storage:19.1.1] AndroidManifest.xml:33:13-35:85
70                android:name="com.google.firebase.components:com.google.firebase.storage.StorageRegistrar"
70-->[com.google.firebase:firebase-storage:19.1.1] AndroidManifest.xml:34:17-107
71                android:value="com.google.firebase.components.ComponentRegistrar" />
71-->[com.google.firebase:firebase-storage:19.1.1] AndroidManifest.xml:35:17-82
72            <meta-data
72-->[com.google.firebase:firebase-firestore:21.4.3] AndroidManifest.xml:20:13-22:85
73                android:name="com.google.firebase.components:com.google.firebase.firestore.FirestoreRegistrar"
73-->[com.google.firebase:firebase-firestore:21.4.3] AndroidManifest.xml:21:17-111
74                android:value="com.google.firebase.components.ComponentRegistrar" />
74-->[com.google.firebase:firebase-firestore:21.4.3] AndroidManifest.xml:22:17-82
75            <meta-data
75-->[com.google.firebase:firebase-functions:19.0.2] AndroidManifest.xml:18:13-20:85
76                android:name="com.google.firebase.components:com.google.firebase.functions.FunctionsRegistrar"
76-->[com.google.firebase:firebase-functions:19.0.2] AndroidManifest.xml:19:17-111
77                android:value="com.google.firebase.components.ComponentRegistrar" />
77-->[com.google.firebase:firebase-functions:19.0.2] AndroidManifest.xml:20:17-82
78            <meta-data
78-->[com.google.firebase:firebase-database:17.0.0] AndroidManifest.xml:30:13-32:85
79                android:name="com.google.firebase.components:com.google.firebase.database.DatabaseRegistrar"
79-->[com.google.firebase:firebase-database:17.0.0] AndroidManifest.xml:31:17-109
80                android:value="com.google.firebase.components.ComponentRegistrar" />
80-->[com.google.firebase:firebase-database:17.0.0] AndroidManifest.xml:32:17-82
81            <meta-data
81-->[com.google.firebase:firebase-iid:20.0.1] AndroidManifest.xml:32:13-34:85
82                android:name="com.google.firebase.components:com.google.firebase.iid.Registrar"
82-->[com.google.firebase:firebase-iid:20.0.1] AndroidManifest.xml:33:17-96
83                android:value="com.google.firebase.components.ComponentRegistrar" />
83-->[com.google.firebase:firebase-iid:20.0.1] AndroidManifest.xml:34:17-82
84        </service>
85
86        <provider
86-->[com.squareup.picasso:picasso:2.71828] AndroidManifest.xml:8:9-11:40
87            android:name="com.squareup.picasso.PicassoProvider"
87-->[com.squareup.picasso:picasso:2.71828] AndroidManifest.xml:9:13-64
88            android:authorities="com.example.telas_background.com.squareup.picasso"
88-->[com.squareup.picasso:picasso:2.71828] AndroidManifest.xml:10:13-72
89            android:exported="false" />
89-->[com.squareup.picasso:picasso:2.71828] AndroidManifest.xml:11:13-37
90
91        <receiver
91-->[com.google.firebase:firebase-iid:20.0.1] AndroidManifest.xml:37:9-44:20
92            android:name="com.google.firebase.iid.FirebaseInstanceIdReceiver"
92-->[com.google.firebase:firebase-iid:20.0.1] AndroidManifest.xml:38:13-78
93            android:exported="true"
93-->[com.google.firebase:firebase-iid:20.0.1] AndroidManifest.xml:39:13-36
94            android:permission="com.google.android.c2dm.permission.SEND" >
94-->[com.google.firebase:firebase-iid:20.0.1] AndroidManifest.xml:40:13-73
95            <intent-filter>
95-->[com.google.firebase:firebase-iid:20.0.1] AndroidManifest.xml:41:13-43:29
96                <action android:name="com.google.android.c2dm.intent.RECEIVE" />
96-->[com.google.firebase:firebase-iid:20.0.1] AndroidManifest.xml:42:17-81
96-->[com.google.firebase:firebase-iid:20.0.1] AndroidManifest.xml:42:25-78
97            </intent-filter>
98        </receiver>
99
100        <activity
100-->[com.google.android.gms:play-services-base:17.1.0] AndroidManifest.xml:23:9-26:75
101            android:name="com.google.android.gms.common.api.GoogleApiActivity"
101-->[com.google.android.gms:play-services-base:17.1.0] AndroidManifest.xml:24:13-79
102            android:exported="false"
102-->[com.google.android.gms:play-services-base:17.1.0] AndroidManifest.xml:25:13-37
103            android:theme="@android:style/Theme.Translucent.NoTitleBar" />
103-->[com.google.android.gms:play-services-base:17.1.0] AndroidManifest.xml:26:13-72
104
105        <provider
105-->[com.google.firebase:firebase-common:19.3.0] AndroidManifest.xml:26:9-30:39
106            android:name="com.google.firebase.provider.FirebaseInitProvider"
106-->[com.google.firebase:firebase-common:19.3.0] AndroidManifest.xml:27:13-77
107            android:authorities="com.example.telas_background.firebaseinitprovider"
107-->[com.google.firebase:firebase-common:19.3.0] AndroidManifest.xml:28:13-72
108            android:exported="false"
108-->[com.google.firebase:firebase-common:19.3.0] AndroidManifest.xml:29:13-37
109            android:initOrder="100" />
109-->[com.google.firebase:firebase-common:19.3.0] AndroidManifest.xml:30:13-36
110
111        <meta-data
111-->[com.google.android.gms:play-services-basement:17.0.0] AndroidManifest.xml:23:9-25:69
112            android:name="com.google.android.gms.version"
112-->[com.google.android.gms:play-services-basement:17.0.0] AndroidManifest.xml:24:13-58
113            android:value="@integer/google_play_services_version" />
113-->[com.google.android.gms:play-services-basement:17.0.0] AndroidManifest.xml:25:13-66
114    </application>
115
116</manifest>